Starting Chef Client, version 14.4.56[0m
resolving cookbooks for run list: ["task2_nginx"][0m
Synchronizing Cookbooks:[0m
  - task2_nginx (0.1.0)[0m
Installing Cookbook Gems:[0m
Compiling Cookbooks...[0m
Converging 4 resources[0m
Recipe: task2_nginx::default[0m
  * yum_package[nginx] action install
    [32m- install version 1:1.12.2-2.el7.x86_64 of package nginx[0m
[0m  * template[/etc/nginx/conf.d/jboss.conf] action create
    [32m- create new file /etc/nginx/conf.d/jboss.conf[0m
    [32m- update content in file /etc/nginx/conf.d/jboss.conf from none to 7d2f5a[0m
    [37m--- /etc/nginx/conf.d/jboss.conf	2018-09-11 22:34:36.450498747 +0000[0m
    [37m+++ /etc/nginx/conf.d/.chef-jboss20180911-3302-1bwn42j.conf	2018-09-11 22:34:36.450498747 +0000[0m
    [37m@@ -1 +1,9 @@[0m
    [37m+server {[0m
    [37m+    listen *:80;[0m
    [37m+    server_name  wildflyback.eu;[0m
    [37m+[0m
    [37m+	location / {[0m
    [37m+        proxy_pass http://192.168.10.3:8080/test/;[0m
    [37m+        }[0m
    [37m+}[0m
[0m  * template[/usr/share/nginx/html/info.html] action create
    [32m- create new file /usr/share/nginx/html/info.html[0m
    [32m- update content in file /usr/share/nginx/html/info.html from none to ddecf9[0m
    [37m--- /usr/share/nginx/html/info.html	2018-09-11 22:34:36.490499519 +0000[0m
    [37m+++ /usr/share/nginx/html/.chef-info20180911-3302-19bhqgb.html	2018-09-11 22:34:36.490499519 +0000[0m
    [37m@@ -1 +1,2 @@[0m
    [37m+<html> Hi! This is the test Data Bag: some_value </html>[0m
[0m  * service[nginx] action enable
    [32m- enable service service[nginx][0m
[0m  * service[nginx] action start
    [32m- start service service[nginx][0m
[0m[0m
Running handlers:[0m
Running handlers complete
[0mChef Client finished, 5/5 resources updated in 21 seconds[0m
